[2021-08-30 22:18:50Z INFO HostContext] No proxy settings were found based on environmental variables (http_proxy/https_proxy/HTTP_PROXY/HTTPS_PROXY)
[2021-08-30 22:18:50Z INFO HostContext] Well known directory 'Bin': '/home/chaithra/Documents/assignment-1-chaisuresh/bin'
[2021-08-30 22:18:50Z INFO HostContext] Well known directory 'Root': '/home/chaithra/Documents/assignment-1-chaisuresh'
[2021-08-30 22:18:50Z INFO HostContext] Well known config file 'Credentials': '/home/chaithra/Documents/assignment-1-chaisuresh/.credentials'
[2021-08-30 22:18:50Z INFO Listener] Runner is built for Linux (X64) - linux-x64.
[2021-08-30 22:18:50Z INFO Listener] RuntimeInformation: Linux 5.11.0-27-generic #29~20.04.1-Ubuntu SMP Wed Aug 11 15:58:17 UTC 2021.
[2021-08-30 22:18:50Z INFO Listener] Version: 2.280.3
[2021-08-30 22:18:50Z INFO Listener] Commit: 409920e9f03bd38fe6e58807f069394993ce32e4
[2021-08-30 22:18:50Z INFO Listener] Culture: en-US
[2021-08-30 22:18:50Z INFO Listener] UI Culture: en-US
[2021-08-30 22:18:50Z INFO HostContext] Well known directory 'Bin': '/home/chaithra/Documents/assignment-1-chaisuresh/bin'
[2021-08-30 22:18:50Z INFO HostContext] Well known directory 'Root': '/home/chaithra/Documents/assignment-1-chaisuresh'
[2021-08-30 22:18:50Z INFO Listener] Validating directory permissions for: '/home/chaithra/Documents/assignment-1-chaisuresh'
[2021-08-30 22:18:50Z INFO CommandLineParser] Parse
[2021-08-30 22:18:50Z INFO CommandLineParser] Parsing 5 args
[2021-08-30 22:18:50Z INFO CommandLineParser] parsing argument
[2021-08-30 22:18:50Z INFO CommandLineParser] HasArgs: False
[2021-08-30 22:18:50Z INFO CommandLineParser] Adding Command: configure
[2021-08-30 22:18:50Z INFO CommandLineParser] parsing argument
[2021-08-30 22:18:50Z INFO CommandLineParser] HasArgs: True
[2021-08-30 22:18:50Z INFO CommandLineParser] arg: url
[2021-08-30 22:18:50Z INFO CommandLineParser] parsing argument
[2021-08-30 22:18:50Z INFO CommandLineParser] HasArgs: True
[2021-08-30 22:18:50Z INFO CommandLineParser] Adding option 'url': 'https://github.com/cu-ecen-aeld/assignment-1-chaisuresh'
[2021-08-30 22:18:50Z INFO CommandLineParser] parsing argument
[2021-08-30 22:18:50Z INFO CommandLineParser] HasArgs: True
[2021-08-30 22:18:50Z INFO CommandLineParser] arg: token
[2021-08-30 22:18:50Z INFO CommandLineParser] parsing argument
[2021-08-30 22:18:50Z INFO CommandLineParser] HasArgs: True
[2021-08-30 22:18:50Z INFO CommandLineParser] Adding option 'token': '***'
[2021-08-30 22:18:50Z INFO Listener] Arguments parsed
[2021-08-30 22:18:50Z INFO Runner] ExecuteCommand
[2021-08-30 22:18:50Z INFO ConfigurationStore] currentAssemblyLocation: /home/chaithra/Documents/assignment-1-chaisuresh/bin/Runner.Listener.dll
[2021-08-30 22:18:50Z INFO HostContext] Well known directory 'Bin': '/home/chaithra/Documents/assignment-1-chaisuresh/bin'
[2021-08-30 22:18:50Z INFO ConfigurationStore] binPath: /home/chaithra/Documents/assignment-1-chaisuresh/bin
[2021-08-30 22:18:50Z INFO HostContext] Well known directory 'Bin': '/home/chaithra/Documents/assignment-1-chaisuresh/bin'
[2021-08-30 22:18:50Z INFO HostContext] Well known directory 'Root': '/home/chaithra/Documents/assignment-1-chaisuresh'
[2021-08-30 22:18:50Z INFO ConfigurationStore] RootFolder: /home/chaithra/Documents/assignment-1-chaisuresh
[2021-08-30 22:18:50Z INFO HostContext] Well known directory 'Bin': '/home/chaithra/Documents/assignment-1-chaisuresh/bin'
[2021-08-30 22:18:50Z INFO HostContext] Well known directory 'Root': '/home/chaithra/Documents/assignment-1-chaisuresh'
[2021-08-30 22:18:50Z INFO HostContext] Well known config file 'Runner': '/home/chaithra/Documents/assignment-1-chaisuresh/.runner'
[2021-08-30 22:18:50Z INFO ConfigurationStore] ConfigFilePath: /home/chaithra/Documents/assignment-1-chaisuresh/.runner
[2021-08-30 22:18:50Z INFO HostContext] Well known directory 'Bin': '/home/chaithra/Documents/assignment-1-chaisuresh/bin'
[2021-08-30 22:18:50Z INFO HostContext] Well known directory 'Root': '/home/chaithra/Documents/assignment-1-chaisuresh'
[2021-08-30 22:18:50Z INFO HostContext] Well known config file 'Credentials': '/home/chaithra/Documents/assignment-1-chaisuresh/.credentials'
[2021-08-30 22:18:50Z INFO ConfigurationStore] CredFilePath: /home/chaithra/Documents/assignment-1-chaisuresh/.credentials
[2021-08-30 22:18:50Z INFO HostContext] Well known directory 'Bin': '/home/chaithra/Documents/assignment-1-chaisuresh/bin'
[2021-08-30 22:18:50Z INFO HostContext] Well known directory 'Root': '/home/chaithra/Documents/assignment-1-chaisuresh'
[2021-08-30 22:18:50Z INFO HostContext] Well known config file 'MigratedCredentials': '/home/chaithra/Documents/assignment-1-chaisuresh/.credentials_migrated'
[2021-08-30 22:18:50Z INFO ConfigurationStore] MigratedCredFilePath: /home/chaithra/Documents/assignment-1-chaisuresh/.credentials_migrated
[2021-08-30 22:18:50Z INFO HostContext] Well known directory 'Bin': '/home/chaithra/Documents/assignment-1-chaisuresh/bin'
[2021-08-30 22:18:50Z INFO HostContext] Well known directory 'Root': '/home/chaithra/Documents/assignment-1-chaisuresh'
[2021-08-30 22:18:50Z INFO HostContext] Well known config file 'Service': '/home/chaithra/Documents/assignment-1-chaisuresh/.service'
[2021-08-30 22:18:50Z INFO ConfigurationStore] ServiceConfigFilePath: /home/chaithra/Documents/assignment-1-chaisuresh/.service
[2021-08-30 22:18:50Z INFO CommandSettings] Flag 'help': 'False'
[2021-08-30 22:18:50Z INFO CommandSettings] Flag 'version': 'False'
[2021-08-30 22:18:50Z INFO CommandSettings] Flag 'commit': 'False'
[2021-08-30 22:18:50Z INFO CommandSettings] Flag 'check': 'False'
[2021-08-30 22:18:50Z INFO CommandSettings] Command 'configure': 'True'
[2021-08-30 22:18:50Z INFO Terminal] WRITE LINE: 
[2021-08-30 22:18:50Z INFO Terminal] WRITE LINE: --------------------------------------------------------------------------------
[2021-08-30 22:18:50Z INFO Terminal] WRITE LINE: |        ____ _ _   _   _       _          _        _   _                      |
[2021-08-30 22:18:50Z INFO Terminal] WRITE LINE: |       / ___(_) |_| | | |_   _| |__      / \   ___| |_(_) ___  _ __  ___      |
[2021-08-30 22:18:50Z INFO Terminal] WRITE LINE: |      | |  _| | __| |_| | | | | '_ \    / _ \ / __| __| |/ _ \| '_ \/ __|     |
[2021-08-30 22:18:50Z INFO Terminal] WRITE LINE: |      | |_| | | |_|  _  | |_| | |_) |  / ___ \ (__| |_| | (_) | | | \__ \     |
[2021-08-30 22:18:50Z INFO Terminal] WRITE LINE: |       \____|_|\__|_| |_|\__,_|_.__/  /_/   \_\___|\__|_|\___/|_| |_|___/     |
[2021-08-30 22:18:50Z INFO Terminal] WRITE LINE: |                                                                              |
[2021-08-30 22:18:50Z INFO Terminal] WRITE: |                       
[2021-08-30 22:18:50Z INFO Terminal] WRITE: Self-hosted runner registration
[2021-08-30 22:18:50Z INFO Terminal] WRITE LINE:                         |
[2021-08-30 22:18:50Z INFO Terminal] WRITE LINE: |                                                                              |
[2021-08-30 22:18:50Z INFO Terminal] WRITE LINE: --------------------------------------------------------------------------------
[2021-08-30 22:18:50Z INFO ConfigurationManager] ConfigureAsync
[2021-08-30 22:18:50Z INFO ConfigurationStore] IsConfigured()
[2021-08-30 22:18:50Z INFO ConfigurationStore] IsConfigured: False
[2021-08-30 22:18:50Z INFO ConfigurationManager] Is configured: False
[2021-08-30 22:18:50Z INFO CommandSettings] Arg 'url': 'https://github.com/cu-ecen-aeld/assignment-1-chaisuresh'
[2021-08-30 22:18:50Z INFO CommandSettings] Remove url from Arg dictionary.
[2021-08-30 22:18:50Z INFO CommandSettings] Arg 'token': '***'
[2021-08-30 22:18:50Z INFO CommandSettings] Remove token from Arg dictionary.
[2021-08-30 22:18:50Z ERR  Terminal] WRITE ERROR: Http response code: Unauthorized from 'POST https://api.github.com/actions/runner-registration'
[2021-08-30 22:18:50Z ERR  Terminal] WRITE ERROR: {"message":"Token expired.","documentation_url":"https://docs.github.com/rest"}
[2021-08-30 22:18:50Z ERR  Runner] System.Net.Http.HttpRequestException: Response status code does not indicate success: 401 (Unauthorized).
   at System.Net.Http.HttpResponseMessage.EnsureSuccessStatusCode()
   at GitHub.Runner.Listener.Configuration.ConfigurationManager.GetTenantCredential(String githubUrl, String githubToken, String runnerEvent)
   at GitHub.Runner.Listener.Configuration.ConfigurationManager.ConfigureAsync(CommandSettings command)
   at GitHub.Runner.Listener.Runner.ExecuteCommand(CommandSettings command)
[2021-08-30 22:18:50Z ERR  Terminal] WRITE ERROR: Response status code does not indicate success: 401 (Unauthorized).
[2021-08-30 22:18:50Z INFO Listener] Runner execution has finished with return code 1
