[2021-08-30 22:21:02Z INFO HostContext] No proxy settings were found based on environmental variables (http_proxy/https_proxy/HTTP_PROXY/HTTPS_PROXY)
[2021-08-30 22:21:02Z INFO HostContext] Well known directory 'Bin': '/home/chaithra/Documents/assignment-1-chaisuresh/bin'
[2021-08-30 22:21:02Z INFO HostContext] Well known directory 'Root': '/home/chaithra/Documents/assignment-1-chaisuresh'
[2021-08-30 22:21:02Z INFO HostContext] Well known config file 'Credentials': '/home/chaithra/Documents/assignment-1-chaisuresh/.credentials'
[2021-08-30 22:21:03Z INFO Listener] Runner is built for Linux (X64) - linux-x64.
[2021-08-30 22:21:03Z INFO Listener] RuntimeInformation: Linux 5.11.0-27-generic #29~20.04.1-Ubuntu SMP Wed Aug 11 15:58:17 UTC 2021.
[2021-08-30 22:21:03Z INFO Listener] Version: 2.280.3
[2021-08-30 22:21:03Z INFO Listener] Commit: 409920e9f03bd38fe6e58807f069394993ce32e4
[2021-08-30 22:21:03Z INFO Listener] Culture: en-US
[2021-08-30 22:21:03Z INFO Listener] UI Culture: en-US
[2021-08-30 22:21:03Z INFO HostContext] Well known directory 'Bin': '/home/chaithra/Documents/assignment-1-chaisuresh/bin'
[2021-08-30 22:21:03Z INFO HostContext] Well known directory 'Root': '/home/chaithra/Documents/assignment-1-chaisuresh'
[2021-08-30 22:21:03Z INFO Listener] Validating directory permissions for: '/home/chaithra/Documents/assignment-1-chaisuresh'
[2021-08-30 22:21:03Z INFO CommandLineParser] Parse
[2021-08-30 22:21:03Z INFO CommandLineParser] Parsing 1 args
[2021-08-30 22:21:03Z INFO CommandLineParser] parsing argument
[2021-08-30 22:21:03Z INFO CommandLineParser] HasArgs: False
[2021-08-30 22:21:03Z INFO CommandLineParser] Adding Command: run
[2021-08-30 22:21:03Z INFO Listener] Arguments parsed
[2021-08-30 22:21:03Z INFO Runner] ExecuteCommand
[2021-08-30 22:21:03Z INFO ConfigurationStore] currentAssemblyLocation: /home/chaithra/Documents/assignment-1-chaisuresh/bin/Runner.Listener.dll
[2021-08-30 22:21:03Z INFO HostContext] Well known directory 'Bin': '/home/chaithra/Documents/assignment-1-chaisuresh/bin'
[2021-08-30 22:21:03Z INFO ConfigurationStore] binPath: /home/chaithra/Documents/assignment-1-chaisuresh/bin
[2021-08-30 22:21:03Z INFO HostContext] Well known directory 'Bin': '/home/chaithra/Documents/assignment-1-chaisuresh/bin'
[2021-08-30 22:21:03Z INFO HostContext] Well known directory 'Root': '/home/chaithra/Documents/assignment-1-chaisuresh'
[2021-08-30 22:21:03Z INFO ConfigurationStore] RootFolder: /home/chaithra/Documents/assignment-1-chaisuresh
[2021-08-30 22:21:03Z INFO HostContext] Well known directory 'Bin': '/home/chaithra/Documents/assignment-1-chaisuresh/bin'
[2021-08-30 22:21:03Z INFO HostContext] Well known directory 'Root': '/home/chaithra/Documents/assignment-1-chaisuresh'
[2021-08-30 22:21:03Z INFO HostContext] Well known config file 'Runner': '/home/chaithra/Documents/assignment-1-chaisuresh/.runner'
[2021-08-30 22:21:03Z INFO ConfigurationStore] ConfigFilePath: /home/chaithra/Documents/assignment-1-chaisuresh/.runner
[2021-08-30 22:21:03Z INFO HostContext] Well known directory 'Bin': '/home/chaithra/Documents/assignment-1-chaisuresh/bin'
[2021-08-30 22:21:03Z INFO HostContext] Well known directory 'Root': '/home/chaithra/Documents/assignment-1-chaisuresh'
[2021-08-30 22:21:03Z INFO HostContext] Well known config file 'Credentials': '/home/chaithra/Documents/assignment-1-chaisuresh/.credentials'
[2021-08-30 22:21:03Z INFO ConfigurationStore] CredFilePath: /home/chaithra/Documents/assignment-1-chaisuresh/.credentials
[2021-08-30 22:21:03Z INFO HostContext] Well known directory 'Bin': '/home/chaithra/Documents/assignment-1-chaisuresh/bin'
[2021-08-30 22:21:03Z INFO HostContext] Well known directory 'Root': '/home/chaithra/Documents/assignment-1-chaisuresh'
[2021-08-30 22:21:03Z INFO HostContext] Well known config file 'MigratedCredentials': '/home/chaithra/Documents/assignment-1-chaisuresh/.credentials_migrated'
[2021-08-30 22:21:03Z INFO ConfigurationStore] MigratedCredFilePath: /home/chaithra/Documents/assignment-1-chaisuresh/.credentials_migrated
[2021-08-30 22:21:03Z INFO HostContext] Well known directory 'Bin': '/home/chaithra/Documents/assignment-1-chaisuresh/bin'
[2021-08-30 22:21:03Z INFO HostContext] Well known directory 'Root': '/home/chaithra/Documents/assignment-1-chaisuresh'
[2021-08-30 22:21:03Z INFO HostContext] Well known config file 'Service': '/home/chaithra/Documents/assignment-1-chaisuresh/.service'
[2021-08-30 22:21:03Z INFO ConfigurationStore] ServiceConfigFilePath: /home/chaithra/Documents/assignment-1-chaisuresh/.service
[2021-08-30 22:21:03Z INFO CommandSettings] Flag 'help': 'False'
[2021-08-30 22:21:03Z INFO CommandSettings] Flag 'version': 'False'
[2021-08-30 22:21:03Z INFO CommandSettings] Flag 'commit': 'False'
[2021-08-30 22:21:03Z INFO CommandSettings] Flag 'check': 'False'
[2021-08-30 22:21:03Z INFO CommandSettings] Command 'configure': 'False'
[2021-08-30 22:21:03Z INFO CommandSettings] Command 'remove': 'False'
[2021-08-30 22:21:03Z INFO CommandSettings] Command 'warmup': 'False'
[2021-08-30 22:21:03Z INFO ConfigurationManager] LoadSettings
[2021-08-30 22:21:03Z INFO ConfigurationStore] IsConfigured()
[2021-08-30 22:21:03Z INFO ConfigurationStore] IsConfigured: True
[2021-08-30 22:21:03Z INFO ConfigurationManager] Is configured: True
[2021-08-30 22:21:03Z INFO ConfigurationStore] Read setting file: 313 chars
[2021-08-30 22:21:03Z INFO ConfigurationManager] Settings Loaded
[2021-08-30 22:21:03Z INFO ConfigurationStore] IsServiceConfigured()
[2021-08-30 22:21:03Z INFO ConfigurationStore] IsServiceConfigured: False
[2021-08-30 22:21:03Z INFO CommandSettings] Command 'run': 'True'
[2021-08-30 22:21:03Z INFO ConfigurationStore] IsConfigured()
[2021-08-30 22:21:03Z INFO ConfigurationStore] IsConfigured: True
[2021-08-30 22:21:03Z INFO ConfigurationManager] Is configured: True
[2021-08-30 22:21:03Z INFO Runner] Could not parse the argument value '' for StartupType. Defaulting to Manual
[2021-08-30 22:21:03Z INFO Runner] Set runner startup type - Manual
[2021-08-30 22:21:03Z INFO CommandSettings] Flag 'once': 'False'
[2021-08-30 22:21:03Z INFO Runner] RunAsync
[2021-08-30 22:21:03Z INFO ConfigurationManager] LoadSettings
[2021-08-30 22:21:03Z INFO ConfigurationStore] IsConfigured()
[2021-08-30 22:21:03Z INFO ConfigurationStore] IsConfigured: True
[2021-08-30 22:21:03Z INFO ConfigurationManager] Is configured: True
[2021-08-30 22:21:03Z INFO ConfigurationManager] Settings Loaded
[2021-08-30 22:21:03Z INFO MessageListener] {
  "AgentId": 22,
  "AgentName": "chaithra-VirtualBox",
  "PoolId": 1,
  "PoolName": "Default",
  "ServerUrl": "https://pipelines.actions.githubusercontent.com/b3Q6rGtZq0lKL7NlLXITz4mhFB9IG7rgtssN0Ki0u2O3VEuw4t",
  "GitHubUrl": "https://github.com/cu-ecen-aeld/assignment-1-chaisuresh",
  "WorkFolder": "_work"
}
[2021-08-30 22:21:03Z INFO MessageListener] Loading Credentials
[2021-08-30 22:21:03Z INFO ConfigurationStore] HasCredentials()
[2021-08-30 22:21:03Z INFO ConfigurationStore] stored True
[2021-08-30 22:21:03Z INFO CredentialManager] GetCredentialProvider
[2021-08-30 22:21:03Z INFO CredentialManager] Creating type OAuth
[2021-08-30 22:21:03Z INFO CredentialManager] Creating credential type: OAuth
[2021-08-30 22:21:03Z INFO HostContext] Well known directory 'Bin': '/home/chaithra/Documents/assignment-1-chaisuresh/bin'
[2021-08-30 22:21:03Z INFO HostContext] Well known directory 'Root': '/home/chaithra/Documents/assignment-1-chaisuresh'
[2021-08-30 22:21:03Z INFO HostContext] Well known config file 'RSACredentials': '/home/chaithra/Documents/assignment-1-chaisuresh/.credentials_rsaparams'
[2021-08-30 22:21:03Z INFO RSAFileKeyManager] Loading RSA key parameters from file /home/chaithra/Documents/assignment-1-chaisuresh/.credentials_rsaparams
[2021-08-30 22:21:03Z INFO MessageListener] Attempt to create session.
[2021-08-30 22:21:03Z INFO MessageListener] Connecting to the Runner Server...
[2021-08-30 22:21:03Z INFO RunnerServer] Establish connection with 100 seconds timeout.
[2021-08-30 22:21:03Z INFO GitHubActionsService] Starting operation Location.GetConnectionData
[2021-08-30 22:21:03Z INFO RunnerServer] Establish connection with 60 seconds timeout.
[2021-08-30 22:21:03Z INFO GitHubActionsService] Starting operation Location.GetConnectionData
[2021-08-30 22:21:03Z INFO RunnerServer] Establish connection with 60 seconds timeout.
[2021-08-30 22:21:03Z INFO GitHubActionsService] Starting operation Location.GetConnectionData
[2021-08-30 22:21:03Z INFO GitHubActionsService] Finished operation Location.GetConnectionData
[2021-08-30 22:21:03Z INFO GitHubActionsService] Finished operation Location.GetConnectionData
[2021-08-30 22:21:03Z INFO GitHubActionsService] Finished operation Location.GetConnectionData
[2021-08-30 22:21:03Z INFO MessageListener] VssConnection created
[2021-08-30 22:21:03Z INFO Terminal] WRITE LINE: 
[2021-08-30 22:21:03Z INFO Terminal] WRITE LINE: 
[2021-08-30 22:21:03Z WARN GitHubActionsService] Authentication failed with status code 401.
WWW-Authenticate: Bearer
Strict-Transport-Security: max-age=2592000
X-TFS-ProcessId: 87df92f9-0c8d-47f7-a646-de8d3ce59e9c
ActivityId: e9952ea6-eb5e-4d7c-91f5-ed8578d1da3f
X-TFS-Session: 164b4945-ac7d-4d48-a694-8a87178f8a97
X-VSS-E2EID: cb5ec1d6-5435-49ae-b72d-de6ca1c1cccf
X-VSS-SenderDeploymentId: 1139089e-89fd-ce7a-6851-1ac6328a300e
X-TFS-ServiceError: The+user+%27System%3aPublicAccess%3baaaaaaaa-aaaa-aaaa-aaaa-aaaaaaaaaaaa%27+is+not+authorized+to+access+this+resource.
X-VSS-S2STargetService: 0000005A-0000-8888-8000-000000000000/visualstudio.com
X-Cache: CONFIG_NOCACHE
X-MSEdge-Ref: Ref A: 9D5CD3CBC1204598BC2899D712F2BE96 Ref B: CHGEDGE1105 Ref C: 2021-08-30T22:21:03Z
Date: Mon, 30 Aug 2021 22:21:03 GMT

[2021-08-30 22:21:03Z INFO RSAFileKeyManager] Loading RSA key parameters from file /home/chaithra/Documents/assignment-1-chaisuresh/.credentials_rsaparams
[2021-08-30 22:21:03Z INFO RSAFileKeyManager] Loading RSA key parameters from file /home/chaithra/Documents/assignment-1-chaisuresh/.credentials_rsaparams
[2021-08-30 22:21:03Z INFO GitHubActionsService] AAD Correlation ID for this token request: Unknown
[2021-08-30 22:21:04Z INFO MessageListener] Session created.
[2021-08-30 22:21:04Z INFO Terminal] WRITE LINE: 2021-08-30 22:21:04Z: Listening for Jobs
[2021-08-30 22:21:04Z INFO JobDispatcher] Set runner/worker IPC timeout to 30 seconds.
[2021-08-30 22:21:06Z INFO Terminal] WRITE LINE: Exiting...
[2021-08-30 22:21:06Z INFO ConfigurationStore] IsServiceConfigured()
[2021-08-30 22:21:06Z INFO ConfigurationStore] IsServiceConfigured: False
[2021-08-30 22:21:06Z INFO HostContext] Runner will be shutdown for UserCancelled
[2021-08-30 22:21:06Z WARN GitHubActionsService] GET request to https://pipelines.actions.githubusercontent.com/b3Q6rGtZq0lKL7NlLXITz4mhFB9IG7rgtssN0Ki0u2O3VEuw4t/_apis/distributedtask/pools/1/messages?sessionId=6b5631bc-d46a-4613-99b3-a98456ecfafe has been cancelled.
[2021-08-30 22:21:06Z INFO MessageListener] Get next message has been cancelled.
[2021-08-30 22:21:06Z INFO JobDispatcher] Shutting down JobDispatcher. Make sure all WorkerDispatcher has finished.
[2021-08-30 22:21:07Z INFO Listener] Runner execution been cancelled.
